<?xml version="1.0" encoding="UTF-8"?>
<!-- Generated by org.testng.reporters.JUnitReportReporter -->
<testsuite skipped="0" hostname="NTS-MayuriSirath" name="db.validation.EmpTest" tests="1" failures="0" timestamp="2022-07-19T15:21:10 IST" time="0.230" errors="0">
  <testcase name="getEmpTest" time="0.230" classname="db.validation.EmpTest"/>
</testsuite> <!-- db.validation.EmpTest -->
